<?xml version="1.0" encoding="UTF-8"?>
<!-- Generated by org.testng.reporters.JUnitReportReporter -->
<testsuite hostname="Harshil-PC" name="com.seleniumtemp.GoogleLoginTest" tests="1" failures="0" timestamp="20 Mar 2018 00:19:43 GMT" time="8.726" errors="0">
  <testcase name="testwithSuccessInput" time="8.726" classname="com.seleniumtemp.GoogleLoginTest"/>
</testsuite> <!-- com.seleniumtemp.GoogleLoginTest -->
